{"/Users/benhurmartins/Desktop/react-native/UITestApp/jest/helper.js": {"path":"/Users/benhurmartins/Desktop/react-native/UITestApp/jest/helper.js","statementMap":{"0":{"start":{"line":10,"column":4},"end":{"line":10,"column":57}},"1":{"start":{"line":12,"column":2},"end":{"line":12,"column":61}}},"fnMap":{"0":{"name":"render","decl":{"start":{"line":8,"column":9},"end":{"line":8,"column":15}},"loc":{"start":{"line":8,"column":64},"end":{"line":13,"column":1}},"line":8},"1":{"name":"Wrapper","decl":{"start":{"line":9,"column":11},"end":{"line":9,"column":18}},"loc":{"start":{"line":9,"column":31},"end":{"line":11,"column":3}},"line":9}},"branchMap":{"0":{"loc":{"start":{"line":8,"column":20},"end":{"line":8,"column":62}},"type":"default-arg","locations":[{"start":{"line":8,"column":60},"end":{"line":8,"column":62}}],"line":8},"1":{"loc":{"start":{"line":8,"column":21},"end":{"line":8,"column":41}},"type":"default-arg","locations":[{"start":{"line":8,"column":29},"end":{"line":8,"column":41}}],"line":8}},"s":{"0":9,"1":9},"f":{"0":9,"1":9},"b":{"0":[2],"1":[2]},"_coverageSchema":"1a1c01bbd47fc00a2c39e90264f33305004495a9","hash":"610ca65327be624cb7d9f01a01916ca5a5517370"}
,"/Users/benhurmartins/Desktop/react-native/UITestApp/src/components/ListItemRecipe.tsx": {"path":"/Users/benhurmartins/Desktop/react-native/UITestApp/src/components/ListItemRecipe.tsx","statementMap":{"0":{"start":{"line":13,"column":38},"end":{"line":23,"column":1}},"1":{"start":{"line":14,"column":2},"end":{"line":22,"column":4}},"2":{"start":{"line":16,"column":21},"end":{"line":16,"column":34}},"3":{"start":{"line":17,"column":28},"end":{"line":17,"column":73}},"4":{"start":{"line":25,"column":15},"end":{"line":37,"column":2}}},"fnMap":{"0":{"name":"(anonymous_0)","decl":{"start":{"line":13,"column":38},"end":{"line":13,"column":39}},"loc":{"start":{"line":13,"column":67},"end":{"line":23,"column":1}},"line":13},"1":{"name":"(anonymous_1)","decl":{"start":{"line":16,"column":15},"end":{"line":16,"column":16}},"loc":{"start":{"line":16,"column":21},"end":{"line":16,"column":34}},"line":16},"2":{"name":"(anonymous_2)","decl":{"start":{"line":17,"column":13},"end":{"line":17,"column":14}},"loc":{"start":{"line":17,"column":28},"end":{"line":17,"column":73}},"line":17}},"branchMap":{"0":{"loc":{"start":{"line":17,"column":54},"end":{"line":17,"column":71}},"type":"cond-expr","locations":[{"start":{"line":17,"column":64},"end":{"line":17,"column":67}},{"start":{"line":17,"column":70},"end":{"line":17,"column":71}}],"line":17},"1":{"loc":{"start":{"line":18,"column":41},"end":{"line":18,"column":53}},"type":"binary-expr","locations":[{"start":{"line":18,"column":41},"end":{"line":18,"column":47}},{"start":{"line":18,"column":51},"end":{"line":18,"column":53}}],"line":18}},"s":{"0":2,"1":8,"2":1,"3":8,"4":2},"f":{"0":8,"1":1,"2":8},"b":{"0":[0,8],"1":[8,8]},"_coverageSchema":"1a1c01bbd47fc00a2c39e90264f33305004495a9","hash":"4eec524d75ab1c6ec73ac103783dde1717108278"}
,"/Users/benhurmartins/Desktop/react-native/UITestApp/src/redux/Recipes/Recipes.reducer.ts": {"path":"/Users/benhurmartins/Desktop/react-native/UITestApp/src/redux/Recipes/Recipes.reducer.ts","statementMap":{"0":{"start":{"line":10,"column":35},"end":{"line":12,"column":1}},"1":{"start":{"line":14,"column":22},"end":{"line":27,"column":2}},"2":{"start":{"line":19,"column":6},"end":{"line":19,"column":57}},"3":{"start":{"line":22,"column":6},"end":{"line":24,"column":8}},"4":{"start":{"line":23,"column":18},"end":{"line":23,"column":52}},"5":{"start":{"line":29,"column":41},"end":{"line":29,"column":62}}},"fnMap":{"0":{"name":"(anonymous_0)","decl":{"start":{"line":18,"column":15},"end":{"line":18,"column":16}},"loc":{"start":{"line":18,"column":34},"end":{"line":20,"column":5}},"line":18},"1":{"name":"(anonymous_1)","decl":{"start":{"line":21,"column":18},"end":{"line":21,"column":19}},"loc":{"start":{"line":21,"column":37},"end":{"line":25,"column":5}},"line":21},"2":{"name":"(anonymous_2)","decl":{"start":{"line":23,"column":8},"end":{"line":23,"column":9}},"loc":{"start":{"line":23,"column":18},"end":{"line":23,"column":52}},"line":23}},"branchMap":{},"s":{"0":4,"1":4,"2":1,"3":0,"4":0,"5":4},"f":{"0":1,"1":0,"2":0},"b":{},"_coverageSchema":"1a1c01bbd47fc00a2c39e90264f33305004495a9","hash":"ee674a78329f727354b97bc89c33b6d922584fdd"}
,"/Users/benhurmartins/Desktop/react-native/UITestApp/src/screens/Detail/Detail.tsx": {"path":"/Users/benhurmartins/Desktop/react-native/UITestApp/src/screens/Detail/Detail.tsx","statementMap":{"0":{"start":{"line":14,"column":19},"end":{"line":29,"column":1}},"1":{"start":{"line":15,"column":21},"end":{"line":15,"column":59}},"2":{"start":{"line":16,"column":31},"end":{"line":16,"column":74}},"3":{"start":{"line":18,"column":2},"end":{"line":28,"column":4}},"4":{"start":{"line":31,"column":15},"end":{"line":48,"column":2}}},"fnMap":{"0":{"name":"(anonymous_0)","decl":{"start":{"line":14,"column":19},"end":{"line":14,"column":20}},"loc":{"start":{"line":14,"column":25},"end":{"line":29,"column":1}},"line":14}},"branchMap":{},"s":{"0":1,"1":1,"2":1,"3":1,"4":1},"f":{"0":1},"b":{},"_coverageSchema":"1a1c01bbd47fc00a2c39e90264f33305004495a9","hash":"65ab4cce07f78900608e1d993c3c7a7190851a6b"}
,"/Users/benhurmartins/Desktop/react-native/UITestApp/src/screens/Home/Home.tsx": {"path":"/Users/benhurmartins/Desktop/react-native/UITestApp/src/screens/Home/Home.tsx","statementMap":{"0":{"start":{"line":15,"column":17},"end":{"line":42,"column":1}},"1":{"start":{"line":16,"column":21},"end":{"line":16,"column":57}},"2":{"start":{"line":17,"column":18},"end":{"line":17,"column":66}},"3":{"start":{"line":17,"column":52},"end":{"line":17,"column":65}},"4":{"start":{"line":18,"column":30},"end":{"line":18,"column":68}},"5":{"start":{"line":18,"column":36},"end":{"line":18,"column":68}},"6":{"start":{"line":19,"column":27},"end":{"line":20,"column":49}},"7":{"start":{"line":20,"column":4},"end":{"line":20,"column":49}},"8":{"start":{"line":21,"column":2},"end":{"line":41,"column":4}},"9":{"start":{"line":28,"column":12},"end":{"line":31,"column":14}},"10":{"start":{"line":29,"column":29},"end":{"line":29,"column":51}},"11":{"start":{"line":44,"column":15},"end":{"line":54,"column":2}}},"fnMap":{"0":{"name":"(anonymous_0)","decl":{"start":{"line":15,"column":17},"end":{"line":15,"column":18}},"loc":{"start":{"line":15,"column":23},"end":{"line":42,"column":1}},"line":15},"1":{"name":"(anonymous_1)","decl":{"start":{"line":17,"column":30},"end":{"line":17,"column":31}},"loc":{"start":{"line":17,"column":52},"end":{"line":17,"column":65}},"line":17},"2":{"name":"(anonymous_2)","decl":{"start":{"line":18,"column":30},"end":{"line":18,"column":31}},"loc":{"start":{"line":18,"column":36},"end":{"line":18,"column":68}},"line":18},"3":{"name":"(anonymous_3)","decl":{"start":{"line":19,"column":27},"end":{"line":19,"column":28}},"loc":{"start":{"line":20,"column":4},"end":{"line":20,"column":49}},"line":20},"4":{"name":"(anonymous_4)","decl":{"start":{"line":27,"column":22},"end":{"line":27,"column":23}},"loc":{"start":{"line":28,"column":12},"end":{"line":31,"column":14}},"line":28},"5":{"name":"(anonymous_5)","decl":{"start":{"line":29,"column":23},"end":{"line":29,"column":24}},"loc":{"start":{"line":29,"column":29},"end":{"line":29,"column":51}},"line":29}},"branchMap":{},"s":{"0":1,"1":3,"2":3,"3":3,"4":3,"5":0,"6":3,"7":0,"8":3,"9":6,"10":0,"11":1},"f":{"0":3,"1":3,"2":0,"3":0,"4":6,"5":0},"b":{},"_coverageSchema":"1a1c01bbd47fc00a2c39e90264f33305004495a9","hash":"45f85edd3c567149f5b99ccf89b32fe27ee227a7"}
,"/Users/benhurmartins/Desktop/react-native/UITestApp/src/screens/NewRecipe/NewRecipe.tsx": {"path":"/Users/benhurmartins/Desktop/react-native/UITestApp/src/screens/NewRecipe/NewRecipe.tsx","statementMap":{"0":{"start":{"line":17,"column":22},"end":{"line":48,"column":1}},"1":{"start":{"line":18,"column":18},"end":{"line":18,"column":66}},"2":{"start":{"line":18,"column":52},"end":{"line":18,"column":65}},"3":{"start":{"line":19,"column":30},"end":{"line":19,"column":42}},"4":{"start":{"line":20,"column":38},"end":{"line":20,"column":50}},"5":{"start":{"line":21,"column":19},"end":{"line":21,"column":32}},"6":{"start":{"line":22,"column":19},"end":{"line":27,"column":3}},"7":{"start":{"line":23,"column":28},"end":{"line":23,"column":78}},"8":{"start":{"line":24,"column":4},"end":{"line":24,"column":33}},"9":{"start":{"line":25,"column":4},"end":{"line":25,"column":22}},"10":{"start":{"line":26,"column":4},"end":{"line":26,"column":18}},"11":{"start":{"line":29,"column":2},"end":{"line":47,"column":4}},"12":{"start":{"line":50,"column":15},"end":{"line":71,"column":2}}},"fnMap":{"0":{"name":"(anonymous_0)","decl":{"start":{"line":17,"column":22},"end":{"line":17,"column":23}},"loc":{"start":{"line":17,"column":28},"end":{"line":48,"column":1}},"line":17},"1":{"name":"(anonymous_1)","decl":{"start":{"line":18,"column":30},"end":{"line":18,"column":31}},"loc":{"start":{"line":18,"column":52},"end":{"line":18,"column":65}},"line":18},"2":{"name":"(anonymous_2)","decl":{"start":{"line":22,"column":19},"end":{"line":22,"column":20}},"loc":{"start":{"line":22,"column":25},"end":{"line":27,"column":3}},"line":22}},"branchMap":{},"s":{"0":1,"1":8,"2":9,"3":8,"4":8,"5":8,"6":8,"7":1,"8":1,"9":1,"10":1,"11":8,"12":1},"f":{"0":8,"1":9,"2":1},"b":{},"_coverageSchema":"1a1c01bbd47fc00a2c39e90264f33305004495a9","hash":"aaab90654394c2c51847358ad5c312b12387ea11"}
,"/Users/benhurmartins/Desktop/react-native/UITestApp/src/store/index.ts": {"path":"/Users/benhurmartins/Desktop/react-native/UITestApp/src/store/index.ts","statementMap":{"0":{"start":{"line":6,"column":14},"end":{"line":8,"column":2}}},"fnMap":{},"branchMap":{},"s":{"0":4},"f":{},"b":{},"_coverageSchema":"1a1c01bbd47fc00a2c39e90264f33305004495a9","hash":"8ca0d73f55efaa4f94d9c157dfbdbd1d1b6a2ac0"}
}
