TN:
SF:jest/helper.js
FN:8,render
FN:9,Wrapper
FNF:2
FNH:2
FNDA:9,render
FNDA:9,Wrapper
DA:10,9
DA:12,9
LF:2
LH:2
BRDA:8,0,0,2
BRDA:8,1,0,2
BRF:2
BRH:2
end_of_record
TN:
SF:src/components/ListItemRecipe.tsx
FN:13,(anonymous_0)
FN:16,(anonymous_1)
FN:17,(anonymous_2)
FNF:3
FNH:3
FNDA:8,(anonymous_0)
FNDA:1,(anonymous_1)
FNDA:8,(anonymous_2)
DA:13,2
DA:14,8
DA:16,1
DA:17,8
DA:25,2
LF:5
LH:5
BRDA:17,0,0,0
BRDA:17,0,1,8
BRDA:18,1,0,8
BRDA:18,1,1,8
BRF:4
BRH:3
end_of_record
TN:
SF:src/redux/Recipes/Recipes.reducer.ts
FN:18,(anonymous_0)
FN:21,(anonymous_1)
FN:23,(anonymous_2)
FNF:3
FNH:1
FNDA:1,(anonymous_0)
FNDA:0,(anonymous_1)
FNDA:0,(anonymous_2)
DA:10,4
DA:14,4
DA:19,1
DA:22,0
DA:23,0
DA:29,4
LF:6
LH:4
BRF:0
BRH:0
end_of_record
TN:
SF:src/screens/Detail/Detail.tsx
FN:14,(anonymous_0)
FNF:1
FNH:1
FNDA:1,(anonymous_0)
DA:14,1
DA:15,1
DA:16,1
DA:18,1
DA:31,1
LF:5
LH:5
BRF:0
BRH:0
end_of_record
TN:
SF:src/screens/Home/Home.tsx
FN:15,(anonymous_0)
FN:17,(anonymous_1)
FN:18,(anonymous_2)
FN:19,(anonymous_3)
FN:27,(anonymous_4)
FN:29,(anonymous_5)
FNF:6
FNH:3
FNDA:3,(anonymous_0)
FNDA:3,(anonymous_1)
FNDA:0,(anonymous_2)
FNDA:0,(anonymous_3)
FNDA:6,(anonymous_4)
FNDA:0,(anonymous_5)
DA:15,1
DA:16,3
DA:17,3
DA:18,3
DA:19,3
DA:20,0
DA:21,3
DA:28,6
DA:29,0
DA:44,1
LF:10
LH:8
BRF:0
BRH:0
end_of_record
TN:
SF:src/screens/NewRecipe/NewRecipe.tsx
FN:17,(anonymous_0)
FN:18,(anonymous_1)
FN:22,(anonymous_2)
FNF:3
FNH:3
FNDA:8,(anonymous_0)
FNDA:9,(anonymous_1)
FNDA:1,(anonymous_2)
DA:17,1
DA:18,9
DA:19,8
DA:20,8
DA:21,8
DA:22,8
DA:23,1
DA:24,1
DA:25,1
DA:26,1
DA:29,8
DA:50,1
LF:12
LH:12
BRF:0
BRH:0
end_of_record
TN:
SF:src/store/index.ts
FNF:0
FNH:0
DA:6,4
LF:1
LH:1
BRF:0
BRH:0
end_of_record
